This file contains any messages produced by compilers while
running configure, to aid debugging if configure makes a mistake.

It was created by configure, which was
generated by GNU Autoconf 2.61.  Invocation command line was

  $ ./configure --prefix=/usr/local/dc/kos/kos/ds/lib --docdir=/usr/local/dc/kos/kos/ds//sdk/doc/mxml --with-docdir=/usr/local/dc/kos/kos/ds/sdk/doc/mxml --disable-shared --host=sh-elf CC=/opt/toolchains/dc/sh-elf/bin/sh-elf-gcc AR=/opt/toolchains/dc/sh-elf/bin/sh-elf-ar RANLIB= ARFLAGS= CFLAGS=-O2 -fomit-frame-pointer -ml -m4-single-only -ffunction-sections -fdata-sections -I/usr/local/dc/kos/kos/../kos-ports/include -I/usr/local/dc/kos/kos/include -I/usr/local/dc/kos/kos/kernel/arch/dreamcast/include -I/usr/local/dc/kos/kos/addons/include -D_arch_dreamcast -D_arch_sub_pristine -Wall -g -fno-builtin -fno-strict-aliasing LDFLAGS= -ml -m4-single-only -Wl,-Ttext=0x8c010000 -Wl,--gc-sections -T/usr/local/dc/kos/kos/utils/ldscripts/shlelf.xc -nodefaultlibs -L/usr/local/dc/kos/kos/lib/dreamcast -L/usr/local/dc/kos/kos/addons/lib/dreamcast LIBS=-Wl,--start-group -lkallisti -lc -lgcc -Wl,--end-group

## --------- ##
## Platform. ##
## --------- ##

hostname = SWAT-PC
uname -m = x86_64
uname -r = 3.8.0-29-generic
uname -s = Linux
uname -v = #42-Ubuntu SMP Tue Aug 13 19:40:39 UTC 2013

/usr/bin/uname -p = unknown
/bin/uname -X     = unknown

/bin/arch              = unknown
/usr/bin/arch -k       = unknown
/usr/convex/getsysinfo = unknown
/usr/bin/hostinfo      = unknown
/bin/machine           = unknown
/usr/bin/oslevel       = unknown
/bin/universe          = unknown

PATH: /usr/local/sbin
PATH: /usr/local/bin
PATH: /usr/sbin
PATH: /usr/bin
PATH: /sbin
PATH: /bin
PATH: /usr/games
PATH: /usr/local/games
PATH: /opt/toolchains/dc/sh-elf/bin
PATH: /usr/local/dc/bin
PATH: /usr/local/dc/kos/kos/utils/gnu_wrappers


## ----------- ##
## Core tests. ##
## ----------- ##

configure:1795: checking for sh-elf-gcc
configure:1822: result: /opt/toolchains/dc/sh-elf/bin/sh-elf-gcc
configure:2100: checking for C compiler version
configure:2107: /opt/toolchains/dc/sh-elf/bin/sh-elf-gcc --version >&5
sh-elf-gcc (GCC) 4.7.3
Copyright (C) 2012 Free Software Foundation, Inc.
This is free software; see the source for copying conditions.  There is NO
warranty; not even for MERCHANTABILITY or FITNESS FOR A PARTICULAR PURPOSE.

configure:2110: $? = 0
configure:2117: /opt/toolchains/dc/sh-elf/bin/sh-elf-gcc -v >&5
Using built-in specs.
COLLECT_GCC=/opt/toolchains/dc/sh-elf/bin/sh-elf-gcc
COLLECT_LTO_WRAPPER=/opt/toolchains/dc/sh-elf/libexec/gcc/sh-elf/4.7.3/lto-wrapper
Target: sh-elf
Configured with: ../gcc-4.7.3/configure --target=sh-elf --prefix=/opt/toolchains/dc/sh-elf --without-headers --with-newlib --enable-languages=c --disable-libssp --disable-tls --with-multilib-list=m4-single-only,m4-nofpu,m4 --with-endian=little --with-cpu=m4-single-only : (reconfigured) ../gcc-4.7.3/configure --target=sh-elf --prefix=/opt/toolchains/dc/sh-elf --with-newlib --disable-libssp --disable-tls --enable-threads=kos --enable-languages=c,c++,objc,obj-c++ --with-multilib-list=m4-single-only,m4-nofpu,m4 --with-endian=little --with-cpu=m4-single-only
Thread model: kos
gcc version 4.7.3 (GCC) 
configure:2120: $? = 0
configure:2127: /opt/toolchains/dc/sh-elf/bin/sh-elf-gcc -V >&5
sh-elf-gcc: error: unrecognized command line option '-V'
sh-elf-gcc: fatal error: no input files
compilation terminated.
configure:2130: $? = 1
configure:2153: checking for C compiler default output file name
configure:2180: /opt/toolchains/dc/sh-elf/bin/sh-elf-gcc -O2 -fomit-frame-pointer -ml -m4-single-only -ffunction-sections -fdata-sections -I/usr/local/dc/kos/kos/../kos-ports/include -I/usr/local/dc/kos/kos/include -I/usr/local/dc/kos/kos/kernel/arch/dreamcast/include -I/usr/local/dc/kos/kos/addons/include -D_arch_dreamcast -D_arch_sub_pristine -Wall -g -fno-builtin -fno-strict-aliasing   -ml -m4-single-only -Wl,-Ttext=0x8c010000 -Wl,--gc-sections -T/usr/local/dc/kos/kos/utils/ldscripts/shlelf.xc -nodefaultlibs -L/usr/local/dc/kos/kos/lib/dreamcast -L/usr/local/dc/kos/kos/addons/lib/dreamcast conftest.c -Wl,--start-group -lkallisti -lc -lgcc -Wl,--end-group >&5
configure:2183: $? = 0
configure:2221: result: a.out
configure:2238: checking whether the C compiler works
configure:2248: ./a.out
./configure: line 2249: ./a.out: cannot execute binary file
configure:2251: $? = 126
configure:2268: result: yes
configure:2275: checking whether we are cross compiling
configure:2277: result: yes
configure:2280: checking for suffix of executables
configure:2287: /opt/toolchains/dc/sh-elf/bin/sh-elf-gcc -o conftest -O2 -fomit-frame-pointer -ml -m4-single-only -ffunction-sections -fdata-sections -I/usr/local/dc/kos/kos/../kos-ports/include -I/usr/local/dc/kos/kos/include -I/usr/local/dc/kos/kos/kernel/arch/dreamcast/include -I/usr/local/dc/kos/kos/addons/include -D_arch_dreamcast -D_arch_sub_pristine -Wall -g -fno-builtin -fno-strict-aliasing   -ml -m4-single-only -Wl,-Ttext=0x8c010000 -Wl,--gc-sections -T/usr/local/dc/kos/kos/utils/ldscripts/shlelf.xc -nodefaultlibs -L/usr/local/dc/kos/kos/lib/dreamcast -L/usr/local/dc/kos/kos/addons/lib/dreamcast conftest.c -Wl,--start-group -lkallisti -lc -lgcc -Wl,--end-group >&5
configure:2290: $? = 0
configure:2314: result: 
configure:2320: checking for suffix of object files
configure:2346: /opt/toolchains/dc/sh-elf/bin/sh-elf-gcc -c -O2 -fomit-frame-pointer -ml -m4-single-only -ffunction-sections -fdata-sections -I/usr/local/dc/kos/kos/../kos-ports/include -I/usr/local/dc/kos/kos/include -I/usr/local/dc/kos/kos/kernel/arch/dreamcast/include -I/usr/local/dc/kos/kos/addons/include -D_arch_dreamcast -D_arch_sub_pristine -Wall -g -fno-builtin -fno-strict-aliasing  conftest.c >&5
configure:2349: $? = 0
configure:2372: result: o
configure:2376: checking whether we are using the GNU C compiler
configure:2405: /opt/toolchains/dc/sh-elf/bin/sh-elf-gcc -c -O2 -fomit-frame-pointer -ml -m4-single-only -ffunction-sections -fdata-sections -I/usr/local/dc/kos/kos/../kos-ports/include -I/usr/local/dc/kos/kos/include -I/usr/local/dc/kos/kos/kernel/arch/dreamcast/include -I/usr/local/dc/kos/kos/addons/include -D_arch_dreamcast -D_arch_sub_pristine -Wall -g -fno-builtin -fno-strict-aliasing  conftest.c >&5
configure:2411: $? = 0
configure:2428: result: yes
configure:2433: checking whether /opt/toolchains/dc/sh-elf/bin/sh-elf-gcc accepts -g
configure:2463: /opt/toolchains/dc/sh-elf/bin/sh-elf-gcc -c -g  conftest.c >&5
configure:2469: $? = 0
configure:2568: result: yes
configure:2585: checking for /opt/toolchains/dc/sh-elf/bin/sh-elf-gcc option to accept ISO C89
configure:2659: /opt/toolchains/dc/sh-elf/bin/sh-elf-gcc  -c -O2 -fomit-frame-pointer -ml -m4-single-only -ffunction-sections -fdata-sections -I/usr/local/dc/kos/kos/../kos-ports/include -I/usr/local/dc/kos/kos/include -I/usr/local/dc/kos/kos/kernel/arch/dreamcast/include -I/usr/local/dc/kos/kos/addons/include -D_arch_dreamcast -D_arch_sub_pristine -Wall -g -fno-builtin -fno-strict-aliasing  conftest.c >&5
configure:2665: $? = 0
configure:2688: result: none needed
configure:2720: checking for sh-elf-g++
configure:2736: found /opt/toolchains/dc/sh-elf/bin/sh-elf-g++
configure:2747: result: sh-elf-g++
configure:2822: checking for C++ compiler version
configure:2829: sh-elf-g++ --version >&5
sh-elf-g++ (GCC) 4.7.3
Copyright (C) 2012 Free Software Foundation, Inc.
This is free software; see the source for copying conditions.  There is NO
warranty; not even for MERCHANTABILITY or FITNESS FOR A PARTICULAR PURPOSE.

configure:2832: $? = 0
configure:2839: sh-elf-g++ -v >&5
Using built-in specs.
COLLECT_GCC=sh-elf-g++
COLLECT_LTO_WRAPPER=/opt/toolchains/dc/sh-elf/libexec/gcc/sh-elf/4.7.3/lto-wrapper
Target: sh-elf
Configured with: ../gcc-4.7.3/configure --target=sh-elf --prefix=/opt/toolchains/dc/sh-elf --without-headers --with-newlib --enable-languages=c --disable-libssp --disable-tls --with-multilib-list=m4-single-only,m4-nofpu,m4 --with-endian=little --with-cpu=m4-single-only : (reconfigured) ../gcc-4.7.3/configure --target=sh-elf --prefix=/opt/toolchains/dc/sh-elf --with-newlib --disable-libssp --disable-tls --enable-threads=kos --enable-languages=c,c++,objc,obj-c++ --with-multilib-list=m4-single-only,m4-nofpu,m4 --with-endian=little --with-cpu=m4-single-only
Thread model: kos
gcc version 4.7.3 (GCC) 
configure:2842: $? = 0
configure:2849: sh-elf-g++ -V >&5
sh-elf-g++: error: unrecognized command line option '-V'
sh-elf-g++: fatal error: no input files
compilation terminated.
configure:2852: $? = 1
configure:2855: checking whether we are using the GNU C++ compiler
configure:2884: sh-elf-g++ -c   conftest.cpp >&5
configure:2890: $? = 0
configure:2907: result: yes
configure:2912: checking whether sh-elf-g++ accepts -g
configure:2942: sh-elf-g++ -c -g  conftest.cpp >&5
configure:2948: $? = 0
configure:3047: result: yes
configure:3114: checking for a BSD-compatible install
configure:3170: result: /usr/bin/install -c
configure:3188: checking for sh-elf-ranlib
configure:3204: found /opt/toolchains/dc/sh-elf/bin/sh-elf-ranlib
configure:3215: result: sh-elf-ranlib
configure:3283: checking for ar
configure:3313: result: /opt/toolchains/dc/sh-elf/bin/sh-elf-ar
configure:3323: checking for cp
configure:3341: found /bin/cp
configure:3353: result: /bin/cp
configure:3363: checking for ln
configure:3381: found /bin/ln
configure:3393: result: /bin/ln
configure:3403: checking for mkdir
configure:3421: found /bin/mkdir
configure:3433: result: /bin/mkdir
configure:3443: checking for rm
configure:3461: found /bin/rm
configure:3473: result: /bin/rm
configure:3494: checking for inline
configure:3520: /opt/toolchains/dc/sh-elf/bin/sh-elf-gcc -c -O2 -fomit-frame-pointer -ml -m4-single-only -ffunction-sections -fdata-sections -I/usr/local/dc/kos/kos/../kos-ports/include -I/usr/local/dc/kos/kos/include -I/usr/local/dc/kos/kos/kernel/arch/dreamcast/include -I/usr/local/dc/kos/kos/addons/include -D_arch_dreamcast -D_arch_sub_pristine -Wall -g -fno-builtin -fno-strict-aliasing  conftest.c >&5
configure:3526: $? = 0
configure:3544: result: inline
configure:3569: checking for strdup
configure:3625: /opt/toolchains/dc/sh-elf/bin/sh-elf-gcc -o conftest -O2 -fomit-frame-pointer -ml -m4-single-only -ffunction-sections -fdata-sections -I/usr/local/dc/kos/kos/../kos-ports/include -I/usr/local/dc/kos/kos/include -I/usr/local/dc/kos/kos/kernel/arch/dreamcast/include -I/usr/local/dc/kos/kos/addons/include -D_arch_dreamcast -D_arch_sub_pristine -Wall -g -fno-builtin -fno-strict-aliasing   -ml -m4-single-only -Wl,-Ttext=0x8c010000 -Wl,--gc-sections -T/usr/local/dc/kos/kos/utils/ldscripts/shlelf.xc -nodefaultlibs -L/usr/local/dc/kos/kos/lib/dreamcast -L/usr/local/dc/kos/kos/addons/lib/dreamcast conftest.c -Wl,--start-group -lkallisti -lc -lgcc -Wl,--end-group >&5
configure:3631: $? = 0
configure:3649: result: yes
configure:3667: checking for snprintf
configure:3723: /opt/toolchains/dc/sh-elf/bin/sh-elf-gcc -o conftest -O2 -fomit-frame-pointer -ml -m4-single-only -ffunction-sections -fdata-sections -I/usr/local/dc/kos/kos/../kos-ports/include -I/usr/local/dc/kos/kos/include -I/usr/local/dc/kos/kos/kernel/arch/dreamcast/include -I/usr/local/dc/kos/kos/addons/include -D_arch_dreamcast -D_arch_sub_pristine -Wall -g -fno-builtin -fno-strict-aliasing   -ml -m4-single-only -Wl,-Ttext=0x8c010000 -Wl,--gc-sections -T/usr/local/dc/kos/kos/utils/ldscripts/shlelf.xc -nodefaultlibs -L/usr/local/dc/kos/kos/lib/dreamcast -L/usr/local/dc/kos/kos/addons/lib/dreamcast conftest.c -Wl,--start-group -lkallisti -lc -lgcc -Wl,--end-group >&5
configure:3729: $? = 0
configure:3747: result: yes
configure:3667: checking for vsnprintf
configure:3723: /opt/toolchains/dc/sh-elf/bin/sh-elf-gcc -o conftest -O2 -fomit-frame-pointer -ml -m4-single-only -ffunction-sections -fdata-sections -I/usr/local/dc/kos/kos/../kos-ports/include -I/usr/local/dc/kos/kos/include -I/usr/local/dc/kos/kos/kernel/arch/dreamcast/include -I/usr/local/dc/kos/kos/addons/include -D_arch_dreamcast -D_arch_sub_pristine -Wall -g -fno-builtin -fno-strict-aliasing   -ml -m4-single-only -Wl,-Ttext=0x8c010000 -Wl,--gc-sections -T/usr/local/dc/kos/kos/utils/ldscripts/shlelf.xc -nodefaultlibs -L/usr/local/dc/kos/kos/lib/dreamcast -L/usr/local/dc/kos/kos/addons/lib/dreamcast conftest.c -Wl,--start-group -lkallisti -lc -lgcc -Wl,--end-group >&5
configure:3729: $? = 0
configure:3747: result: yes
configure:3759: checking for long long int
configure:3810: result: yes
configure:3836: checking how to run the C preprocessor
configure:3876: /opt/toolchains/dc/sh-elf/bin/sh-elf-gcc -E  conftest.c
configure:3882: $? = 0
configure:3913: /opt/toolchains/dc/sh-elf/bin/sh-elf-gcc -E  conftest.c
conftest.c:13:28: fatal error: ac_nonexistent.h: No such file or directory
compilation terminated.
configure:3919: $? = 1
configure: failed program was:
| /* confdefs.h.  */
| #define PACKAGE_NAME ""
| #define PACKAGE_TARNAME ""
| #define PACKAGE_VERSION ""
| #define PACKAGE_STRING ""
| #define PACKAGE_BUGREPORT ""
| #define MXML_VERSION "Mini-XML v2.7"
| #define HAVE_STRDUP 1
| #define HAVE_SNPRINTF 1
| #define HAVE_VSNPRINTF 1
| #define HAVE_LONG_LONG 1
| /* end confdefs.h.  */
| #include <ac_nonexistent.h>
configure:3952: result: /opt/toolchains/dc/sh-elf/bin/sh-elf-gcc -E
configure:3981: /opt/toolchains/dc/sh-elf/bin/sh-elf-gcc -E  conftest.c
configure:3987: $? = 0
configure:4018: /opt/toolchains/dc/sh-elf/bin/sh-elf-gcc -E  conftest.c
conftest.c:13:28: fatal error: ac_nonexistent.h: No such file or directory
compilation terminated.
configure:4024: $? = 1
configure: failed program was:
| /* confdefs.h.  */
| #define PACKAGE_NAME ""
| #define PACKAGE_TARNAME ""
| #define PACKAGE_VERSION ""
| #define PACKAGE_STRING ""
| #define PACKAGE_BUGREPORT ""
| #define MXML_VERSION "Mini-XML v2.7"
| #define HAVE_STRDUP 1
| #define HAVE_SNPRINTF 1
| #define HAVE_VSNPRINTF 1
| #define HAVE_LONG_LONG 1
| /* end confdefs.h.  */
| #include <ac_nonexistent.h>
configure:4062: checking for grep that handles long lines and -e
configure:4136: result: /bin/grep
configure:4141: checking for egrep
configure:4219: result: /bin/grep -E
configure:4224: checking for ANSI C header files
configure:4254: /opt/toolchains/dc/sh-elf/bin/sh-elf-gcc -c -O2 -fomit-frame-pointer -ml -m4-single-only -ffunction-sections -fdata-sections -I/usr/local/dc/kos/kos/../kos-ports/include -I/usr/local/dc/kos/kos/include -I/usr/local/dc/kos/kos/kernel/arch/dreamcast/include -I/usr/local/dc/kos/kos/addons/include -D_arch_dreamcast -D_arch_sub_pristine -Wall -g -fno-builtin -fno-strict-aliasing  conftest.c >&5
configure:4260: $? = 0
configure:4388: result: yes
configure:4412: checking for sys/types.h
configure:4433: /opt/toolchains/dc/sh-elf/bin/sh-elf-gcc -c -O2 -fomit-frame-pointer -ml -m4-single-only -ffunction-sections -fdata-sections -I/usr/local/dc/kos/kos/../kos-ports/include -I/usr/local/dc/kos/kos/include -I/usr/local/dc/kos/kos/kernel/arch/dreamcast/include -I/usr/local/dc/kos/kos/addons/include -D_arch_dreamcast -D_arch_sub_pristine -Wall -g -fno-builtin -fno-strict-aliasing  conftest.c >&5
configure:4439: $? = 0
configure:4455: result: yes
configure:4412: checking for sys/stat.h
configure:4433: /opt/toolchains/dc/sh-elf/bin/sh-elf-gcc -c -O2 -fomit-frame-pointer -ml -m4-single-only -ffunction-sections -fdata-sections -I/usr/local/dc/kos/kos/../kos-ports/include -I/usr/local/dc/kos/kos/include -I/usr/local/dc/kos/kos/kernel/arch/dreamcast/include -I/usr/local/dc/kos/kos/addons/include -D_arch_dreamcast -D_arch_sub_pristine -Wall -g -fno-builtin -fno-strict-aliasing  conftest.c >&5
configure:4439: $? = 0
configure:4455: result: yes
configure:4412: checking for stdlib.h
configure:4433: /opt/toolchains/dc/sh-elf/bin/sh-elf-gcc -c -O2 -fomit-frame-pointer -ml -m4-single-only -ffunction-sections -fdata-sections -I/usr/local/dc/kos/kos/../kos-ports/include -I/usr/local/dc/kos/kos/include -I/usr/local/dc/kos/kos/kernel/arch/dreamcast/include -I/usr/local/dc/kos/kos/addons/include -D_arch_dreamcast -D_arch_sub_pristine -Wall -g -fno-builtin -fno-strict-aliasing  conftest.c >&5
configure:4439: $? = 0
configure:4455: result: yes
configure:4412: checking for string.h
configure:4433: /opt/toolchains/dc/sh-elf/bin/sh-elf-gcc -c -O2 -fomit-frame-pointer -ml -m4-single-only -ffunction-sections -fdata-sections -I/usr/local/dc/kos/kos/../kos-ports/include -I/usr/local/dc/kos/kos/include -I/usr/local/dc/kos/kos/kernel/arch/dreamcast/include -I/usr/local/dc/kos/kos/addons/include -D_arch_dreamcast -D_arch_sub_pristine -Wall -g -fno-builtin -fno-strict-aliasing  conftest.c >&5
configure:4439: $? = 0
configure:4455: result: yes
configure:4412: checking for memory.h
configure:4433: /opt/toolchains/dc/sh-elf/bin/sh-elf-gcc -c -O2 -fomit-frame-pointer -ml -m4-single-only -ffunction-sections -fdata-sections -I/usr/local/dc/kos/kos/../kos-ports/include -I/usr/local/dc/kos/kos/include -I/usr/local/dc/kos/kos/kernel/arch/dreamcast/include -I/usr/local/dc/kos/kos/addons/include -D_arch_dreamcast -D_arch_sub_pristine -Wall -g -fno-builtin -fno-strict-aliasing  conftest.c >&5
conftest.c:52:20: fatal error: memory.h: No such file or directory
compilation terminated.
configure:4439: $? = 1
configure: failed program was:
| /* confdefs.h.  */
| #define PACKAGE_NAME ""
| #define PACKAGE_TARNAME ""
| #define PACKAGE_VERSION ""
| #define PACKAGE_STRING ""
| #define PACKAGE_BUGREPORT ""
| #define MXML_VERSION "Mini-XML v2.7"
| #define HAVE_STRDUP 1
| #define HAVE_SNPRINTF 1
| #define HAVE_VSNPRINTF 1
| #define HAVE_LONG_LONG 1
| #define STDC_HEADERS 1
| #define HAVE_SYS_TYPES_H 1
| #define HAVE_SYS_STAT_H 1
| #define HAVE_STDLIB_H 1
| #define HAVE_STRING_H 1
| /* end confdefs.h.  */
| #include <stdio.h>
| #ifdef HAVE_SYS_TYPES_H
| # include <sys/types.h>
| #endif
| #ifdef HAVE_SYS_STAT_H
| # include <sys/stat.h>
| #endif
| #ifdef STDC_HEADERS
| # include <stdlib.h>
| # include <stddef.h>
| #else
| # ifdef HAVE_STDLIB_H
| #  include <stdlib.h>
| # endif
| #endif
| #ifdef HAVE_STRING_H
| # if !defined STDC_HEADERS && defined HAVE_MEMORY_H
| #  include <memory.h>
| # endif
| # include <string.h>
| #endif
| #ifdef HAVE_STRINGS_H
| # include <strings.h>
| #endif
| #ifdef HAVE_INTTYPES_H
| # include <inttypes.h>
| #endif
| #ifdef HAVE_STDINT_H
| # include <stdint.h>
| #endif
| #ifdef HAVE_UNISTD_H
| # include <unistd.h>
| #endif
| 
| #include <memory.h>
configure:4455: result: no
configure:4412: checking for strings.h
configure:4433: /opt/toolchains/dc/sh-elf/bin/sh-elf-gcc -c -O2 -fomit-frame-pointer -ml -m4-single-only -ffunction-sections -fdata-sections -I/usr/local/dc/kos/kos/../kos-ports/include -I/usr/local/dc/kos/kos/include -I/usr/local/dc/kos/kos/kernel/arch/dreamcast/include -I/usr/local/dc/kos/kos/addons/include -D_arch_dreamcast -D_arch_sub_pristine -Wall -g -fno-builtin -fno-strict-aliasing  conftest.c >&5
configure:4439: $? = 0
configure:4455: result: yes
configure:4412: checking for inttypes.h
configure:4433: /opt/toolchains/dc/sh-elf/bin/sh-elf-gcc -c -O2 -fomit-frame-pointer -ml -m4-single-only -ffunction-sections -fdata-sections -I/usr/local/dc/kos/kos/../kos-ports/include -I/usr/local/dc/kos/kos/include -I/usr/local/dc/kos/kos/kernel/arch/dreamcast/include -I/usr/local/dc/kos/kos/addons/include -D_arch_dreamcast -D_arch_sub_pristine -Wall -g -fno-builtin -fno-strict-aliasing  conftest.c >&5
configure:4439: $? = 0
configure:4455: result: yes
configure:4412: checking for stdint.h
configure:4433: /opt/toolchains/dc/sh-elf/bin/sh-elf-gcc -c -O2 -fomit-frame-pointer -ml -m4-single-only -ffunction-sections -fdata-sections -I/usr/local/dc/kos/kos/../kos-ports/include -I/usr/local/dc/kos/kos/include -I/usr/local/dc/kos/kos/kernel/arch/dreamcast/include -I/usr/local/dc/kos/kos/addons/include -D_arch_dreamcast -D_arch_sub_pristine -Wall -g -fno-builtin -fno-strict-aliasing  conftest.c >&5
configure:4439: $? = 0
configure:4455: result: yes
configure:4412: checking for unistd.h
configure:4433: /opt/toolchains/dc/sh-elf/bin/sh-elf-gcc -c -O2 -fomit-frame-pointer -ml -m4-single-only -ffunction-sections -fdata-sections -I/usr/local/dc/kos/kos/../kos-ports/include -I/usr/local/dc/kos/kos/include -I/usr/local/dc/kos/kos/kernel/arch/dreamcast/include -I/usr/local/dc/kos/kos/addons/include -D_arch_dreamcast -D_arch_sub_pristine -Wall -g -fno-builtin -fno-strict-aliasing  conftest.c >&5
configure:4439: $? = 0
configure:4455: result: yes
configure:4477: checking pthread.h usability
configure:4494: /opt/toolchains/dc/sh-elf/bin/sh-elf-gcc -c -O2 -fomit-frame-pointer -ml -m4-single-only -ffunction-sections -fdata-sections -I/usr/local/dc/kos/kos/../kos-ports/include -I/usr/local/dc/kos/kos/include -I/usr/local/dc/kos/kos/kernel/arch/dreamcast/include -I/usr/local/dc/kos/kos/addons/include -D_arch_dreamcast -D_arch_sub_pristine -Wall -g -fno-builtin -fno-strict-aliasing  conftest.c >&5
configure:4500: $? = 0
configure:4514: result: yes
configure:4518: checking pthread.h presence
configure:4533: /opt/toolchains/dc/sh-elf/bin/sh-elf-gcc -E  conftest.c
configure:4539: $? = 0
configure:4553: result: yes
configure:4581: checking for pthread.h
configure:4588: result: yes
configure:4603: checking for pthread_create using -lpthreads
configure:4628: /opt/toolchains/dc/sh-elf/bin/sh-elf-gcc -o conftest -O2 -fomit-frame-pointer -ml -m4-single-only -ffunction-sections -fdata-sections -I/usr/local/dc/kos/kos/../kos-ports/include -I/usr/local/dc/kos/kos/include -I/usr/local/dc/kos/kos/kernel/arch/dreamcast/include -I/usr/local/dc/kos/kos/addons/include -D_arch_dreamcast -D_arch_sub_pristine -Wall -g -fno-builtin -fno-strict-aliasing   -ml -m4-single-only -Wl,-Ttext=0x8c010000 -Wl,--gc-sections -T/usr/local/dc/kos/kos/utils/ldscripts/shlelf.xc -nodefaultlibs -L/usr/local/dc/kos/kos/lib/dreamcast -L/usr/local/dc/kos/kos/addons/lib/dreamcast conftest.c -lpthreads -Wl,--start-group -lkallisti -lc -lgcc -Wl,--end-group >&5
/opt/toolchains/dc/sh-elf/lib/gcc/sh-elf/4.7.3/../../../../sh-elf/bin/ld: cannot find -lpthreads
collect2: error: ld returned 1 exit status
configure:4634: $? = 1
configure: failed program was:
| /* confdefs.h.  */
| #define PACKAGE_NAME ""
| #define PACKAGE_TARNAME ""
| #define PACKAGE_VERSION ""
| #define PACKAGE_STRING ""
| #define PACKAGE_BUGREPORT ""
| #define MXML_VERSION "Mini-XML v2.7"
| #define HAVE_STRDUP 1
| #define HAVE_SNPRINTF 1
| #define HAVE_VSNPRINTF 1
| #define HAVE_LONG_LONG 1
| #define STDC_HEADERS 1
| #define HAVE_SYS_TYPES_H 1
| #define HAVE_SYS_STAT_H 1
| #define HAVE_STDLIB_H 1
| #define HAVE_STRING_H 1
| #define HAVE_STRINGS_H 1
| #define HAVE_INTTYPES_H 1
| #define HAVE_STDINT_H 1
| #define HAVE_UNISTD_H 1
| #define HAVE_PTHREAD_H 1
| /* end confdefs.h.  */
| #include <pthread.h>
| int
| main ()
| {
| pthread_create(0, 0, 0, 0);
|   ;
|   return 0;
| }
configure:4650: result: no
configure:4603: checking for pthread_create using -lpthread
configure:4628: /opt/toolchains/dc/sh-elf/bin/sh-elf-gcc -o conftest -O2 -fomit-frame-pointer -ml -m4-single-only -ffunction-sections -fdata-sections -I/usr/local/dc/kos/kos/../kos-ports/include -I/usr/local/dc/kos/kos/include -I/usr/local/dc/kos/kos/kernel/arch/dreamcast/include -I/usr/local/dc/kos/kos/addons/include -D_arch_dreamcast -D_arch_sub_pristine -Wall -g -fno-builtin -fno-strict-aliasing   -ml -m4-single-only -Wl,-Ttext=0x8c010000 -Wl,--gc-sections -T/usr/local/dc/kos/kos/utils/ldscripts/shlelf.xc -nodefaultlibs -L/usr/local/dc/kos/kos/lib/dreamcast -L/usr/local/dc/kos/kos/addons/lib/dreamcast conftest.c -lpthread -Wl,--start-group -lkallisti -lc -lgcc -Wl,--end-group >&5
/opt/toolchains/dc/sh-elf/lib/gcc/sh-elf/4.7.3/../../../../sh-elf/bin/ld: cannot find -lpthread
collect2: error: ld returned 1 exit status
configure:4634: $? = 1
configure: failed program was:
| /* confdefs.h.  */
| #define PACKAGE_NAME ""
| #define PACKAGE_TARNAME ""
| #define PACKAGE_VERSION ""
| #define PACKAGE_STRING ""
| #define PACKAGE_BUGREPORT ""
| #define MXML_VERSION "Mini-XML v2.7"
| #define HAVE_STRDUP 1
| #define HAVE_SNPRINTF 1
| #define HAVE_VSNPRINTF 1
| #define HAVE_LONG_LONG 1
| #define STDC_HEADERS 1
| #define HAVE_SYS_TYPES_H 1
| #define HAVE_SYS_STAT_H 1
| #define HAVE_STDLIB_H 1
| #define HAVE_STRING_H 1
| #define HAVE_STRINGS_H 1
| #define HAVE_INTTYPES_H 1
| #define HAVE_STDINT_H 1
| #define HAVE_UNISTD_H 1
| #define HAVE_PTHREAD_H 1
| /* end confdefs.h.  */
| #include <pthread.h>
| int
| main ()
| {
| pthread_create(0, 0, 0, 0);
|   ;
|   return 0;
| }
configure:4650: result: no
configure:4603: checking for pthread_create using -pthread
configure:4628: /opt/toolchains/dc/sh-elf/bin/sh-elf-gcc -o conftest -O2 -fomit-frame-pointer -ml -m4-single-only -ffunction-sections -fdata-sections -I/usr/local/dc/kos/kos/../kos-ports/include -I/usr/local/dc/kos/kos/include -I/usr/local/dc/kos/kos/kernel/arch/dreamcast/include -I/usr/local/dc/kos/kos/addons/include -D_arch_dreamcast -D_arch_sub_pristine -Wall -g -fno-builtin -fno-strict-aliasing   -ml -m4-single-only -Wl,-Ttext=0x8c010000 -Wl,--gc-sections -T/usr/local/dc/kos/kos/utils/ldscripts/shlelf.xc -nodefaultlibs -L/usr/local/dc/kos/kos/lib/dreamcast -L/usr/local/dc/kos/kos/addons/lib/dreamcast conftest.c -pthread -Wl,--start-group -lkallisti -lc -lgcc -Wl,--end-group >&5
sh-elf-gcc: error: unrecognized command line option '-pthread'
configure:4634: $? = 1
configure: failed program was:
| /* confdefs.h.  */
| #define PACKAGE_NAME ""
| #define PACKAGE_TARNAME ""
| #define PACKAGE_VERSION ""
| #define PACKAGE_STRING ""
| #define PACKAGE_BUGREPORT ""
| #define MXML_VERSION "Mini-XML v2.7"
| #define HAVE_STRDUP 1
| #define HAVE_SNPRINTF 1
| #define HAVE_VSNPRINTF 1
| #define HAVE_LONG_LONG 1
| #define STDC_HEADERS 1
| #define HAVE_SYS_TYPES_H 1
| #define HAVE_SYS_STAT_H 1
| #define HAVE_STDLIB_H 1
| #define HAVE_STRING_H 1
| #define HAVE_STRINGS_H 1
| #define HAVE_INTTYPES_H 1
| #define HAVE_STDINT_H 1
| #define HAVE_UNISTD_H 1
| #define HAVE_PTHREAD_H 1
| /* end confdefs.h.  */
| #include <pthread.h>
| int
| main ()
| {
| pthread_create(0, 0, 0, 0);
|   ;
|   return 0;
| }
configure:4650: result: no
configure:4952: creating ./config.status

## ---------------------- ##
## Running config.status. ##
## ---------------------- ##

This file was extended by config.status, which was
generated by GNU Autoconf 2.61.  Invocation command line was

  CONFIG_FILES    = 
  CONFIG_HEADERS  = 
  CONFIG_LINKS    = 
  CONFIG_COMMANDS = 
  $ ./config.status 

on SWAT-PC

config.status:618: creating Makefile
config.status:618: creating mxml.list
config.status:618: creating mxml.pc
config.status:618: creating config.h
config.status:841: config.h is unchanged

## ---------------- ##
## Cache variables. ##
## ---------------- ##

ac_cv_c_compiler_gnu=yes
ac_cv_c_inline=inline
ac_cv_c_long_long=yes
ac_cv_cxx_compiler_gnu=yes
ac_cv_env_CCC_set=
ac_cv_env_CCC_value=
ac_cv_env_CC_set=set
ac_cv_env_CC_value=/opt/toolchains/dc/sh-elf/bin/sh-elf-gcc
ac_cv_env_CFLAGS_set=set
ac_cv_env_CFLAGS_value='-O2 -fomit-frame-pointer -ml -m4-single-only -ffunction-sections -fdata-sections -I/usr/local/dc/kos/kos/../kos-ports/include -I/usr/local/dc/kos/kos/include -I/usr/local/dc/kos/kos/kernel/arch/dreamcast/include -I/usr/local/dc/kos/kos/addons/include -D_arch_dreamcast -D_arch_sub_pristine -Wall -g -fno-builtin -fno-strict-aliasing'
ac_cv_env_CPPFLAGS_set=
ac_cv_env_CPPFLAGS_value=
ac_cv_env_CPP_set=
ac_cv_env_CPP_value=
ac_cv_env_CXXFLAGS_set=
ac_cv_env_CXXFLAGS_value=
ac_cv_env_CXX_set=
ac_cv_env_CXX_value=
ac_cv_env_LDFLAGS_set=set
ac_cv_env_LDFLAGS_value=' -ml -m4-single-only -Wl,-Ttext=0x8c010000 -Wl,--gc-sections -T/usr/local/dc/kos/kos/utils/ldscripts/shlelf.xc -nodefaultlibs -L/usr/local/dc/kos/kos/lib/dreamcast -L/usr/local/dc/kos/kos/addons/lib/dreamcast'
ac_cv_env_LIBS_set=set
ac_cv_env_LIBS_value='-Wl,--start-group -lkallisti -lc -lgcc -Wl,--end-group'
ac_cv_env_build_alias_set=
ac_cv_env_build_alias_value=
ac_cv_env_host_alias_set=set
ac_cv_env_host_alias_value=sh-elf
ac_cv_env_target_alias_set=
ac_cv_env_target_alias_value=
ac_cv_func_snprintf=yes
ac_cv_func_strdup=yes
ac_cv_func_vsnprintf=yes
ac_cv_header_inttypes_h=yes
ac_cv_header_memory_h=no
ac_cv_header_pthread_h=yes
ac_cv_header_stdc=yes
ac_cv_header_stdint_h=yes
ac_cv_header_stdlib_h=yes
ac_cv_header_string_h=yes
ac_cv_header_strings_h=yes
ac_cv_header_sys_stat_h=yes
ac_cv_header_sys_types_h=yes
ac_cv_header_unistd_h=yes
ac_cv_objext=o
ac_cv_path_AR=/opt/toolchains/dc/sh-elf/bin/sh-elf-ar
ac_cv_path_CP=/bin/cp
ac_cv_path_EGREP='/bin/grep -E'
ac_cv_path_GREP=/bin/grep
ac_cv_path_LN=/bin/ln
ac_cv_path_MKDIR=/bin/mkdir
ac_cv_path_RM=/bin/rm
ac_cv_path_install='/usr/bin/install -c'
ac_cv_prog_CC=/opt/toolchains/dc/sh-elf/bin/sh-elf-gcc
ac_cv_prog_CPP='/opt/toolchains/dc/sh-elf/bin/sh-elf-gcc -E'
ac_cv_prog_CXX=sh-elf-g++
ac_cv_prog_RANLIB=sh-elf-ranlib
ac_cv_prog_cc_c89=
ac_cv_prog_cc_g=yes
ac_cv_prog_cxx_g=yes

## ----------------- ##
## Output variables. ##
## ----------------- ##

AR='/opt/toolchains/dc/sh-elf/bin/sh-elf-ar'
ARCHFLAGS=''
ARFLAGS='crvs'
CC='/opt/toolchains/dc/sh-elf/bin/sh-elf-gcc'
CFLAGS='-Wall -O2 -fomit-frame-pointer -ml -m4-single-only -ffunction-sections -fdata-sections -I/usr/local/dc/kos/kos/../kos-ports/include -I/usr/local/dc/kos/kos/include -I/usr/local/dc/kos/kos/kernel/arch/dreamcast/include -I/usr/local/dc/kos/kos/addons/include -D_arch_dreamcast -D_arch_sub_pristine -Wall -g -fno-builtin -fno-strict-aliasing'
CP='/bin/cp'
CPP='/opt/toolchains/dc/sh-elf/bin/sh-elf-gcc -E'
CPPFLAGS=''
CXX='sh-elf-g++'
CXXFLAGS=''
DEFS='-DHAVE_CONFIG_H'
DSO=':'
DSOFLAGS=''
ECHO_C=''
ECHO_N='-n'
ECHO_T=''
EGREP='/bin/grep -E'
EXEEXT=''
GREP='/bin/grep'
INSTALL_DATA='${INSTALL} -m 644'
INSTALL_PROGRAM='${INSTALL}'
INSTALL_SCRIPT='${INSTALL}'
LDFLAGS=' -ml -m4-single-only -Wl,-Ttext=0x8c010000 -Wl,--gc-sections -T/usr/local/dc/kos/kos/utils/ldscripts/shlelf.xc -nodefaultlibs -L/usr/local/dc/kos/kos/lib/dreamcast -L/usr/local/dc/kos/kos/addons/lib/dreamcast'
LIBMXML='libmxml.a'
LIBOBJS=''
LIBS='-Wl,--start-group -lkallisti -lc -lgcc -Wl,--end-group'
LN='/bin/ln'
LTLIBOBJS=''
MKDIR='/bin/mkdir'
OBJEXT='o'
OPTIM='-Os -g'
PACKAGE_BUGREPORT=''
PACKAGE_NAME=''
PACKAGE_STRING=''
PACKAGE_TARNAME=''
PACKAGE_VERSION=''
PATH_SEPARATOR=':'
PC_CFLAGS='-I${prefix}/include'
PC_LIBS='-L${exec_prefix}/lib -lmxml'
PICFLAG='0'
PTHREAD_FLAGS=''
PTHREAD_LIBS=''
RANLIB='sh-elf-ranlib'
RM='/bin/rm'
SHELL='/bin/bash'
VERSION='2.7'
ac_ct_CC=''
ac_ct_CXX=''
bindir='${exec_prefix}/bin'
build_alias=''
datadir='${datarootdir}'
datarootdir='${prefix}/share'
docdir='/usr/local/dc/kos/kos/ds/sdk/doc/mxml'
dvidir='${docdir}'
exec_prefix='/usr/local/dc/kos/kos/ds/lib'
host_alias='sh-elf'
htmldir='${docdir}'
includedir='${prefix}/include'
infodir='${datarootdir}/info'
libdir='${exec_prefix}/lib'
libexecdir='${exec_prefix}/libexec'
localedir='${datarootdir}/locale'
localstatedir='${prefix}/var'
mandir='${datarootdir}/man'
oldincludedir='/usr/include'
pdfdir='${docdir}'
prefix='/usr/local/dc/kos/kos/ds/lib'
program_transform_name='s,x,x,'
psdir='${docdir}'
sbindir='${exec_prefix}/sbin'
sharedstatedir='${prefix}/com'
sysconfdir='${prefix}/etc'
target_alias=''

## ----------- ##
## confdefs.h. ##
## ----------- ##

#define PACKAGE_NAME ""
#define PACKAGE_TARNAME ""
#define PACKAGE_VERSION ""
#define PACKAGE_STRING ""
#define PACKAGE_BUGREPORT ""
#define MXML_VERSION "Mini-XML v2.7"
#define HAVE_STRDUP 1
#define HAVE_SNPRINTF 1
#define HAVE_VSNPRINTF 1
#define HAVE_LONG_LONG 1
#define STDC_HEADERS 1
#define HAVE_SYS_TYPES_H 1
#define HAVE_SYS_STAT_H 1
#define HAVE_STDLIB_H 1
#define HAVE_STRING_H 1
#define HAVE_STRINGS_H 1
#define HAVE_INTTYPES_H 1
#define HAVE_STDINT_H 1
#define HAVE_UNISTD_H 1
#define HAVE_PTHREAD_H 1

configure: exit 0
