This file contains any messages produced by compilers while
running configure, to aid debugging if configure makes a mistake.

It was created by Xvid configure 1.3.2, which was
generated by GNU Autoconf 2.68.  Invocation command line was

  $ ./configure --host=sh-elf CFLAGS=-O2 -fomit-frame-pointer -ml -m4-single-only -ffunction-sections -fdata-sections -I/usr/local/dc/kos/kos/../kos-ports/include -I/usr/local/dc/kos/kos/include -I/usr/local/dc/kos/kos/kernel/arch/dreamcast/include -I/usr/local/dc/kos/kos/addons/include -D_arch_dreamcast -D_arch_sub_pristine -Wall -g -fno-builtin -fno-strict-aliasing -I/usr/local/dc/kos/kos/ds/include LDFLAGS= -ml -m4-single-only -Wl,-Ttext=0x8c010000 -Wl,--gc-sections -T/usr/local/dc/kos/kos/utils/ldscripts/shlelf.xc -nodefaultlibs -L/usr/local/dc/kos/kos/lib/dreamcast -L/usr/local/dc/kos/kos/addons/lib/dreamcast -L/usr/local/dc/kos/kos/ds/lib LIBS=-Wl,--start-group -lkallisti -lc -lgcc -Wl,--end-group -lm CC=/opt/toolchains/dc/sh-elf/bin/sh-elf-gcc --disable-pthread --disable-shared

## --------- ##
## Platform. ##
## --------- ##

hostname = SWAT-PC
uname -m = x86_64
uname -r = 3.8.0-31-generic
uname -s = Linux
uname -v = #46-Ubuntu SMP Tue Sep 10 20:03:44 UTC 2013

/usr/bin/uname -p = unknown
/bin/uname -X     = unknown

/bin/arch              = unknown
/usr/bin/arch -k       = unknown
/usr/convex/getsysinfo = unknown
/usr/bin/hostinfo      = unknown
/bin/machine           = unknown
/usr/bin/oslevel       = unknown
/bin/universe          = unknown

PATH: /usr/local/sbin
PATH: /usr/local/bin
PATH: /usr/sbin
PATH: /usr/bin
PATH: /sbin
PATH: /bin
PATH: /usr/games
PATH: /usr/local/games
PATH: /opt/toolchains/dc/sh-elf/bin
PATH: /usr/local/dc/bin
PATH: /usr/local/dc/kos/kos/utils/gnu_wrappers


## ----------- ##
## Core tests. ##
## ----------- ##

configure:2365: checking build system type
configure:2379: result: x86_64-unknown-linux-gnu
configure:2399: checking host system type
configure:2412: result: sh-unknown-elf
configure:2432: checking target system type
configure:2445: result: sh-unknown-elf
configure:2473: checking whether to use default CFLAGS
configure:2481: result: no
configure:2493: checking for sh-elf-gcc
configure:2520: result: /opt/toolchains/dc/sh-elf/bin/sh-elf-gcc
configure:2789: checking for C compiler version
configure:2798: /opt/toolchains/dc/sh-elf/bin/sh-elf-gcc --version >&5
sh-elf-gcc (GCC) 4.7.3
Copyright (C) 2012 Free Software Foundation, Inc.
This is free software; see the source for copying conditions.  There is NO
warranty; not even for MERCHANTABILITY or FITNESS FOR A PARTICULAR PURPOSE.

configure:2809: $? = 0
configure:2798: /opt/toolchains/dc/sh-elf/bin/sh-elf-gcc -v >&5
Using built-in specs.
COLLECT_GCC=/opt/toolchains/dc/sh-elf/bin/sh-elf-gcc
COLLECT_LTO_WRAPPER=/opt/toolchains/dc/sh-elf/libexec/gcc/sh-elf/4.7.3/lto-wrapper
Target: sh-elf
Configured with: ../gcc-4.7.3/configure --target=sh-elf --prefix=/opt/toolchains/dc/sh-elf --without-headers --with-newlib --enable-languages=c --disable-libssp --disable-tls --with-multilib-list=m4-single-only,m4-nofpu,m4 --with-endian=little --with-cpu=m4-single-only : (reconfigured) ../gcc-4.7.3/configure --target=sh-elf --prefix=/opt/toolchains/dc/sh-elf --with-newlib --disable-libssp --disable-tls --enable-threads=kos --enable-languages=c,c++,objc,obj-c++ --with-multilib-list=m4-single-only,m4-nofpu,m4 --with-endian=little --with-cpu=m4-single-only
Thread model: kos
gcc version 4.7.3 (GCC) 
configure:2809: $? = 0
configure:2798: /opt/toolchains/dc/sh-elf/bin/sh-elf-gcc -V >&5
sh-elf-gcc: error: unrecognized command line option '-V'
sh-elf-gcc: fatal error: no input files
compilation terminated.
configure:2809: $? = 1
configure:2798: /opt/toolchains/dc/sh-elf/bin/sh-elf-gcc -qversion >&5
sh-elf-gcc: error: unrecognized command line option '-qversion'
sh-elf-gcc: fatal error: no input files
compilation terminated.
configure:2809: $? = 1
configure:2829: checking whether the C compiler works
configure:2851: /opt/toolchains/dc/sh-elf/bin/sh-elf-gcc -O2 -fomit-frame-pointer -ml -m4-single-only -ffunction-sections -fdata-sections -I/usr/local/dc/kos/kos/../kos-ports/include -I/usr/local/dc/kos/kos/include -I/usr/local/dc/kos/kos/kernel/arch/dreamcast/include -I/usr/local/dc/kos/kos/addons/include -D_arch_dreamcast -D_arch_sub_pristine -Wall -g -fno-builtin -fno-strict-aliasing -I/usr/local/dc/kos/kos/ds/include   -ml -m4-single-only -Wl,-Ttext=0x8c010000 -Wl,--gc-sections -T/usr/local/dc/kos/kos/utils/ldscripts/shlelf.xc -nodefaultlibs -L/usr/local/dc/kos/kos/lib/dreamcast -L/usr/local/dc/kos/kos/addons/lib/dreamcast -L/usr/local/dc/kos/kos/ds/lib conftest.c -Wl,--start-group -lkallisti -lc -lgcc -Wl,--end-group -lm >&5
configure:2855: $? = 0
configure:2903: result: yes
configure:2906: checking for C compiler default output file name
configure:2908: result: a.out
configure:2914: checking for suffix of executables
configure:2921: /opt/toolchains/dc/sh-elf/bin/sh-elf-gcc -o conftest -O2 -fomit-frame-pointer -ml -m4-single-only -ffunction-sections -fdata-sections -I/usr/local/dc/kos/kos/../kos-ports/include -I/usr/local/dc/kos/kos/include -I/usr/local/dc/kos/kos/kernel/arch/dreamcast/include -I/usr/local/dc/kos/kos/addons/include -D_arch_dreamcast -D_arch_sub_pristine -Wall -g -fno-builtin -fno-strict-aliasing -I/usr/local/dc/kos/kos/ds/include   -ml -m4-single-only -Wl,-Ttext=0x8c010000 -Wl,--gc-sections -T/usr/local/dc/kos/kos/utils/ldscripts/shlelf.xc -nodefaultlibs -L/usr/local/dc/kos/kos/lib/dreamcast -L/usr/local/dc/kos/kos/addons/lib/dreamcast -L/usr/local/dc/kos/kos/ds/lib conftest.c -Wl,--start-group -lkallisti -lc -lgcc -Wl,--end-group -lm >&5
configure:2925: $? = 0
configure:2947: result: 
configure:2969: checking whether we are cross compiling
configure:2977: /opt/toolchains/dc/sh-elf/bin/sh-elf-gcc -o conftest -O2 -fomit-frame-pointer -ml -m4-single-only -ffunction-sections -fdata-sections -I/usr/local/dc/kos/kos/../kos-ports/include -I/usr/local/dc/kos/kos/include -I/usr/local/dc/kos/kos/kernel/arch/dreamcast/include -I/usr/local/dc/kos/kos/addons/include -D_arch_dreamcast -D_arch_sub_pristine -Wall -g -fno-builtin -fno-strict-aliasing -I/usr/local/dc/kos/kos/ds/include   -ml -m4-single-only -Wl,-Ttext=0x8c010000 -Wl,--gc-sections -T/usr/local/dc/kos/kos/utils/ldscripts/shlelf.xc -nodefaultlibs -L/usr/local/dc/kos/kos/lib/dreamcast -L/usr/local/dc/kos/kos/addons/lib/dreamcast -L/usr/local/dc/kos/kos/ds/lib conftest.c -Wl,--start-group -lkallisti -lc -lgcc -Wl,--end-group -lm >&5
configure:2981: $? = 0
configure:2988: ./conftest
./configure: line 2990: ./conftest: cannot execute binary file
configure:2992: $? = 126
configure:3007: result: yes
configure:3012: checking for suffix of object files
configure:3034: /opt/toolchains/dc/sh-elf/bin/sh-elf-gcc -c -O2 -fomit-frame-pointer -ml -m4-single-only -ffunction-sections -fdata-sections -I/usr/local/dc/kos/kos/../kos-ports/include -I/usr/local/dc/kos/kos/include -I/usr/local/dc/kos/kos/kernel/arch/dreamcast/include -I/usr/local/dc/kos/kos/addons/include -D_arch_dreamcast -D_arch_sub_pristine -Wall -g -fno-builtin -fno-strict-aliasing -I/usr/local/dc/kos/kos/ds/include  conftest.c >&5
configure:3038: $? = 0
configure:3059: result: o
configure:3063: checking whether we are using the GNU C compiler
configure:3082: /opt/toolchains/dc/sh-elf/bin/sh-elf-gcc -c -O2 -fomit-frame-pointer -ml -m4-single-only -ffunction-sections -fdata-sections -I/usr/local/dc/kos/kos/../kos-ports/include -I/usr/local/dc/kos/kos/include -I/usr/local/dc/kos/kos/kernel/arch/dreamcast/include -I/usr/local/dc/kos/kos/addons/include -D_arch_dreamcast -D_arch_sub_pristine -Wall -g -fno-builtin -fno-strict-aliasing -I/usr/local/dc/kos/kos/ds/include  conftest.c >&5
configure:3082: $? = 0
configure:3091: result: yes
configure:3100: checking whether /opt/toolchains/dc/sh-elf/bin/sh-elf-gcc accepts -g
configure:3120: /opt/toolchains/dc/sh-elf/bin/sh-elf-gcc -c -g  conftest.c >&5
configure:3120: $? = 0
configure:3161: result: yes
configure:3178: checking for /opt/toolchains/dc/sh-elf/bin/sh-elf-gcc option to accept ISO C89
configure:3242: /opt/toolchains/dc/sh-elf/bin/sh-elf-gcc  -c -O2 -fomit-frame-pointer -ml -m4-single-only -ffunction-sections -fdata-sections -I/usr/local/dc/kos/kos/../kos-ports/include -I/usr/local/dc/kos/kos/include -I/usr/local/dc/kos/kos/kernel/arch/dreamcast/include -I/usr/local/dc/kos/kos/addons/include -D_arch_dreamcast -D_arch_sub_pristine -Wall -g -fno-builtin -fno-strict-aliasing -I/usr/local/dc/kos/kos/ds/include  conftest.c >&5
configure:3242: $? = 0
configure:3255: result: none needed
configure:3291: checking for a BSD-compatible install
configure:3359: result: /usr/bin/install -c
configure:3375: checking for sh-elf-ranlib
configure:3391: found /opt/toolchains/dc/sh-elf/bin/sh-elf-ranlib
configure:3402: result: sh-elf-ranlib
configure:3467: checking for sh-elf-ar
configure:3483: found /opt/toolchains/dc/sh-elf/bin/sh-elf-ar
configure:3494: result: sh-elf-ar
configure:3561: checking for whether to use assembly code
configure:3564: result: yes
configure:3566: checking for architecture type
configure:3590: result: sh
configure:3609: checking how to run the C preprocessor
configure:3640: /opt/toolchains/dc/sh-elf/bin/sh-elf-gcc -E  conftest.c
configure:3640: $? = 0
configure:3654: /opt/toolchains/dc/sh-elf/bin/sh-elf-gcc -E  conftest.c
conftest.c:9:28: fatal error: ac_nonexistent.h: No such file or directory
compilation terminated.
configure:3654: $? = 1
configure: failed program was:
| /* confdefs.h */
| #define PACKAGE_NAME "Xvid"
| #define PACKAGE_TARNAME "xvid"
| #define PACKAGE_VERSION "1.3.2"
| #define PACKAGE_STRING "Xvid 1.3.2"
| #define PACKAGE_BUGREPORT "xvid-devel@xvid.org"
| #define PACKAGE_URL ""
| /* end confdefs.h.  */
| #include <ac_nonexistent.h>
configure:3679: result: /opt/toolchains/dc/sh-elf/bin/sh-elf-gcc -E
configure:3699: /opt/toolchains/dc/sh-elf/bin/sh-elf-gcc -E  conftest.c
configure:3699: $? = 0
configure:3713: /opt/toolchains/dc/sh-elf/bin/sh-elf-gcc -E  conftest.c
conftest.c:9:28: fatal error: ac_nonexistent.h: No such file or directory
compilation terminated.
configure:3713: $? = 1
configure: failed program was:
| /* confdefs.h */
| #define PACKAGE_NAME "Xvid"
| #define PACKAGE_TARNAME "xvid"
| #define PACKAGE_VERSION "1.3.2"
| #define PACKAGE_STRING "Xvid 1.3.2"
| #define PACKAGE_BUGREPORT "xvid-devel@xvid.org"
| #define PACKAGE_URL ""
| /* end confdefs.h.  */
| #include <ac_nonexistent.h>
configure:3742: checking for grep that handles long lines and -e
configure:3800: result: /bin/grep
configure:3805: checking for egrep
configure:3867: result: /bin/grep -E
configure:3872: checking for ANSI C header files
configure:3892: /opt/toolchains/dc/sh-elf/bin/sh-elf-gcc -c -O2 -fomit-frame-pointer -ml -m4-single-only -ffunction-sections -fdata-sections -I/usr/local/dc/kos/kos/../kos-ports/include -I/usr/local/dc/kos/kos/include -I/usr/local/dc/kos/kos/kernel/arch/dreamcast/include -I/usr/local/dc/kos/kos/addons/include -D_arch_dreamcast -D_arch_sub_pristine -Wall -g -fno-builtin -fno-strict-aliasing -I/usr/local/dc/kos/kos/ds/include  conftest.c >&5
configure:3892: $? = 0
configure:3976: result: yes
configure:3989: checking for sys/types.h
configure:3989: /opt/toolchains/dc/sh-elf/bin/sh-elf-gcc -c -O2 -fomit-frame-pointer -ml -m4-single-only -ffunction-sections -fdata-sections -I/usr/local/dc/kos/kos/../kos-ports/include -I/usr/local/dc/kos/kos/include -I/usr/local/dc/kos/kos/kernel/arch/dreamcast/include -I/usr/local/dc/kos/kos/addons/include -D_arch_dreamcast -D_arch_sub_pristine -Wall -g -fno-builtin -fno-strict-aliasing -I/usr/local/dc/kos/kos/ds/include  conftest.c >&5
configure:3989: $? = 0
configure:3989: result: yes
configure:3989: checking for sys/stat.h
configure:3989: /opt/toolchains/dc/sh-elf/bin/sh-elf-gcc -c -O2 -fomit-frame-pointer -ml -m4-single-only -ffunction-sections -fdata-sections -I/usr/local/dc/kos/kos/../kos-ports/include -I/usr/local/dc/kos/kos/include -I/usr/local/dc/kos/kos/kernel/arch/dreamcast/include -I/usr/local/dc/kos/kos/addons/include -D_arch_dreamcast -D_arch_sub_pristine -Wall -g -fno-builtin -fno-strict-aliasing -I/usr/local/dc/kos/kos/ds/include  conftest.c >&5
configure:3989: $? = 0
configure:3989: result: yes
configure:3989: checking for stdlib.h
configure:3989: /opt/toolchains/dc/sh-elf/bin/sh-elf-gcc -c -O2 -fomit-frame-pointer -ml -m4-single-only -ffunction-sections -fdata-sections -I/usr/local/dc/kos/kos/../kos-ports/include -I/usr/local/dc/kos/kos/include -I/usr/local/dc/kos/kos/kernel/arch/dreamcast/include -I/usr/local/dc/kos/kos/addons/include -D_arch_dreamcast -D_arch_sub_pristine -Wall -g -fno-builtin -fno-strict-aliasing -I/usr/local/dc/kos/kos/ds/include  conftest.c >&5
configure:3989: $? = 0
configure:3989: result: yes
configure:3989: checking for string.h
configure:3989: /opt/toolchains/dc/sh-elf/bin/sh-elf-gcc -c -O2 -fomit-frame-pointer -ml -m4-single-only -ffunction-sections -fdata-sections -I/usr/local/dc/kos/kos/../kos-ports/include -I/usr/local/dc/kos/kos/include -I/usr/local/dc/kos/kos/kernel/arch/dreamcast/include -I/usr/local/dc/kos/kos/addons/include -D_arch_dreamcast -D_arch_sub_pristine -Wall -g -fno-builtin -fno-strict-aliasing -I/usr/local/dc/kos/kos/ds/include  conftest.c >&5
configure:3989: $? = 0
configure:3989: result: yes
configure:3989: checking for memory.h
configure:3989: /opt/toolchains/dc/sh-elf/bin/sh-elf-gcc -c -O2 -fomit-frame-pointer -ml -m4-single-only -ffunction-sections -fdata-sections -I/usr/local/dc/kos/kos/../kos-ports/include -I/usr/local/dc/kos/kos/include -I/usr/local/dc/kos/kos/kernel/arch/dreamcast/include -I/usr/local/dc/kos/kos/addons/include -D_arch_dreamcast -D_arch_sub_pristine -Wall -g -fno-builtin -fno-strict-aliasing -I/usr/local/dc/kos/kos/ds/include  conftest.c >&5
configure:3989: $? = 0
configure:3989: result: yes
configure:3989: checking for strings.h
configure:3989: /opt/toolchains/dc/sh-elf/bin/sh-elf-gcc -c -O2 -fomit-frame-pointer -ml -m4-single-only -ffunction-sections -fdata-sections -I/usr/local/dc/kos/kos/../kos-ports/include -I/usr/local/dc/kos/kos/include -I/usr/local/dc/kos/kos/kernel/arch/dreamcast/include -I/usr/local/dc/kos/kos/addons/include -D_arch_dreamcast -D_arch_sub_pristine -Wall -g -fno-builtin -fno-strict-aliasing -I/usr/local/dc/kos/kos/ds/include  conftest.c >&5
configure:3989: $? = 0
configure:3989: result: yes
configure:3989: checking for inttypes.h
configure:3989: /opt/toolchains/dc/sh-elf/bin/sh-elf-gcc -c -O2 -fomit-frame-pointer -ml -m4-single-only -ffunction-sections -fdata-sections -I/usr/local/dc/kos/kos/../kos-ports/include -I/usr/local/dc/kos/kos/include -I/usr/local/dc/kos/kos/kernel/arch/dreamcast/include -I/usr/local/dc/kos/kos/addons/include -D_arch_dreamcast -D_arch_sub_pristine -Wall -g -fno-builtin -fno-strict-aliasing -I/usr/local/dc/kos/kos/ds/include  conftest.c >&5
configure:3989: $? = 0
configure:3989: result: yes
configure:3989: checking for stdint.h
configure:3989: /opt/toolchains/dc/sh-elf/bin/sh-elf-gcc -c -O2 -fomit-frame-pointer -ml -m4-single-only -ffunction-sections -fdata-sections -I/usr/local/dc/kos/kos/../kos-ports/include -I/usr/local/dc/kos/kos/include -I/usr/local/dc/kos/kos/kernel/arch/dreamcast/include -I/usr/local/dc/kos/kos/addons/include -D_arch_dreamcast -D_arch_sub_pristine -Wall -g -fno-builtin -fno-strict-aliasing -I/usr/local/dc/kos/kos/ds/include  conftest.c >&5
configure:3989: $? = 0
configure:3989: result: yes
configure:3989: checking for unistd.h
configure:3989: /opt/toolchains/dc/sh-elf/bin/sh-elf-gcc -c -O2 -fomit-frame-pointer -ml -m4-single-only -ffunction-sections -fdata-sections -I/usr/local/dc/kos/kos/../kos-ports/include -I/usr/local/dc/kos/kos/include -I/usr/local/dc/kos/kos/kernel/arch/dreamcast/include -I/usr/local/dc/kos/kos/addons/include -D_arch_dreamcast -D_arch_sub_pristine -Wall -g -fno-builtin -fno-strict-aliasing -I/usr/local/dc/kos/kos/ds/include  conftest.c >&5
configure:3989: $? = 0
configure:3989: result: yes
configure:4005: checking size of int *
configure:4010: /opt/toolchains/dc/sh-elf/bin/sh-elf-gcc -c -O2 -fomit-frame-pointer -ml -m4-single-only -ffunction-sections -fdata-sections -I/usr/local/dc/kos/kos/../kos-ports/include -I/usr/local/dc/kos/kos/include -I/usr/local/dc/kos/kos/kernel/arch/dreamcast/include -I/usr/local/dc/kos/kos/addons/include -D_arch_dreamcast -D_arch_sub_pristine -Wall -g -fno-builtin -fno-strict-aliasing -I/usr/local/dc/kos/kos/ds/include  conftest.c >&5
conftest.c: In function 'main':
conftest.c:55:12: warning: variable 'test_array' set but not used [-Wunused-but-set-variable]
configure:4010: $? = 0
configure:4010: /opt/toolchains/dc/sh-elf/bin/sh-elf-gcc -c -O2 -fomit-frame-pointer -ml -m4-single-only -ffunction-sections -fdata-sections -I/usr/local/dc/kos/kos/../kos-ports/include -I/usr/local/dc/kos/kos/include -I/usr/local/dc/kos/kos/kernel/arch/dreamcast/include -I/usr/local/dc/kos/kos/addons/include -D_arch_dreamcast -D_arch_sub_pristine -Wall -g -fno-builtin -fno-strict-aliasing -I/usr/local/dc/kos/kos/ds/include  conftest.c >&5
conftest.c: In function 'main':
conftest.c:55:12: error: size of array 'test_array' is negative
conftest.c:55:12: warning: variable 'test_array' set but not used [-Wunused-but-set-variable]
configure:4010: $? = 1
configure: failed program was:
| /* confdefs.h */
| #define PACKAGE_NAME "Xvid"
| #define PACKAGE_TARNAME "xvid"
| #define PACKAGE_VERSION "1.3.2"
| #define PACKAGE_STRING "Xvid 1.3.2"
| #define PACKAGE_BUGREPORT "xvid-devel@xvid.org"
| #define PACKAGE_URL ""
| #define STDC_HEADERS 1
| #define HAVE_SYS_TYPES_H 1
| #define HAVE_SYS_STAT_H 1
| #define HAVE_STDLIB_H 1
| #define HAVE_STRING_H 1
| #define HAVE_MEMORY_H 1
| #define HAVE_STRINGS_H 1
| #define HAVE_INTTYPES_H 1
| #define HAVE_STDINT_H 1
| #define HAVE_UNISTD_H 1
| /* end confdefs.h.  */
| #include <stdio.h>
| #ifdef HAVE_SYS_TYPES_H
| # include <sys/types.h>
| #endif
| #ifdef HAVE_SYS_STAT_H
| # include <sys/stat.h>
| #endif
| #ifdef STDC_HEADERS
| # include <stdlib.h>
| # include <stddef.h>
| #else
| # ifdef HAVE_STDLIB_H
| #  include <stdlib.h>
| # endif
| #endif
| #ifdef HAVE_STRING_H
| # if !defined STDC_HEADERS && defined HAVE_MEMORY_H
| #  include <memory.h>
| # endif
| # include <string.h>
| #endif
| #ifdef HAVE_STRINGS_H
| # include <strings.h>
| #endif
| #ifdef HAVE_INTTYPES_H
| # include <inttypes.h>
| #endif
| #ifdef HAVE_STDINT_H
| # include <stdint.h>
| #endif
| #ifdef HAVE_UNISTD_H
| # include <unistd.h>
| #endif
| int
| main ()
| {
| static int test_array [1 - 2 * !(((long int) (sizeof (int *))) <= 0)];
| test_array [0] = 0
| 
|   ;
|   return 0;
| }
configure:4010: /opt/toolchains/dc/sh-elf/bin/sh-elf-gcc -c -O2 -fomit-frame-pointer -ml -m4-single-only -ffunction-sections -fdata-sections -I/usr/local/dc/kos/kos/../kos-ports/include -I/usr/local/dc/kos/kos/include -I/usr/local/dc/kos/kos/kernel/arch/dreamcast/include -I/usr/local/dc/kos/kos/addons/include -D_arch_dreamcast -D_arch_sub_pristine -Wall -g -fno-builtin -fno-strict-aliasing -I/usr/local/dc/kos/kos/ds/include  conftest.c >&5
conftest.c: In function 'main':
conftest.c:55:12: error: size of array 'test_array' is negative
conftest.c:55:12: warning: variable 'test_array' set but not used [-Wunused-but-set-variable]
configure:4010: $? = 1
configure: failed program was:
| /* confdefs.h */
| #define PACKAGE_NAME "Xvid"
| #define PACKAGE_TARNAME "xvid"
| #define PACKAGE_VERSION "1.3.2"
| #define PACKAGE_STRING "Xvid 1.3.2"
| #define PACKAGE_BUGREPORT "xvid-devel@xvid.org"
| #define PACKAGE_URL ""
| #define STDC_HEADERS 1
| #define HAVE_SYS_TYPES_H 1
| #define HAVE_SYS_STAT_H 1
| #define HAVE_STDLIB_H 1
| #define HAVE_STRING_H 1
| #define HAVE_MEMORY_H 1
| #define HAVE_STRINGS_H 1
| #define HAVE_INTTYPES_H 1
| #define HAVE_STDINT_H 1
| #define HAVE_UNISTD_H 1
| /* end confdefs.h.  */
| #include <stdio.h>
| #ifdef HAVE_SYS_TYPES_H
| # include <sys/types.h>
| #endif
| #ifdef HAVE_SYS_STAT_H
| # include <sys/stat.h>
| #endif
| #ifdef STDC_HEADERS
| # include <stdlib.h>
| # include <stddef.h>
| #else
| # ifdef HAVE_STDLIB_H
| #  include <stdlib.h>
| # endif
| #endif
| #ifdef HAVE_STRING_H
| # if !defined STDC_HEADERS && defined HAVE_MEMORY_H
| #  include <memory.h>
| # endif
| # include <string.h>
| #endif
| #ifdef HAVE_STRINGS_H
| # include <strings.h>
| #endif
| #ifdef HAVE_INTTYPES_H
| # include <inttypes.h>
| #endif
| #ifdef HAVE_STDINT_H
| # include <stdint.h>
| #endif
| #ifdef HAVE_UNISTD_H
| # include <unistd.h>
| #endif
| int
| main ()
| {
| static int test_array [1 - 2 * !(((long int) (sizeof (int *))) <= 1)];
| test_array [0] = 0
| 
|   ;
|   return 0;
| }
configure:4010: /opt/toolchains/dc/sh-elf/bin/sh-elf-gcc -c -O2 -fomit-frame-pointer -ml -m4-single-only -ffunction-sections -fdata-sections -I/usr/local/dc/kos/kos/../kos-ports/include -I/usr/local/dc/kos/kos/include -I/usr/local/dc/kos/kos/kernel/arch/dreamcast/include -I/usr/local/dc/kos/kos/addons/include -D_arch_dreamcast -D_arch_sub_pristine -Wall -g -fno-builtin -fno-strict-aliasing -I/usr/local/dc/kos/kos/ds/include  conftest.c >&5
conftest.c: In function 'main':
conftest.c:55:12: error: size of array 'test_array' is negative
conftest.c:55:12: warning: variable 'test_array' set but not used [-Wunused-but-set-variable]
configure:4010: $? = 1
configure: failed program was:
| /* confdefs.h */
| #define PACKAGE_NAME "Xvid"
| #define PACKAGE_TARNAME "xvid"
| #define PACKAGE_VERSION "1.3.2"
| #define PACKAGE_STRING "Xvid 1.3.2"
| #define PACKAGE_BUGREPORT "xvid-devel@xvid.org"
| #define PACKAGE_URL ""
| #define STDC_HEADERS 1
| #define HAVE_SYS_TYPES_H 1
| #define HAVE_SYS_STAT_H 1
| #define HAVE_STDLIB_H 1
| #define HAVE_STRING_H 1
| #define HAVE_MEMORY_H 1
| #define HAVE_STRINGS_H 1
| #define HAVE_INTTYPES_H 1
| #define HAVE_STDINT_H 1
| #define HAVE_UNISTD_H 1
| /* end confdefs.h.  */
| #include <stdio.h>
| #ifdef HAVE_SYS_TYPES_H
| # include <sys/types.h>
| #endif
| #ifdef HAVE_SYS_STAT_H
| # include <sys/stat.h>
| #endif
| #ifdef STDC_HEADERS
| # include <stdlib.h>
| # include <stddef.h>
| #else
| # ifdef HAVE_STDLIB_H
| #  include <stdlib.h>
| # endif
| #endif
| #ifdef HAVE_STRING_H
| # if !defined STDC_HEADERS && defined HAVE_MEMORY_H
| #  include <memory.h>
| # endif
| # include <string.h>
| #endif
| #ifdef HAVE_STRINGS_H
| # include <strings.h>
| #endif
| #ifdef HAVE_INTTYPES_H
| # include <inttypes.h>
| #endif
| #ifdef HAVE_STDINT_H
| # include <stdint.h>
| #endif
| #ifdef HAVE_UNISTD_H
| # include <unistd.h>
| #endif
| int
| main ()
| {
| static int test_array [1 - 2 * !(((long int) (sizeof (int *))) <= 3)];
| test_array [0] = 0
| 
|   ;
|   return 0;
| }
configure:4010: /opt/toolchains/dc/sh-elf/bin/sh-elf-gcc -c -O2 -fomit-frame-pointer -ml -m4-single-only -ffunction-sections -fdata-sections -I/usr/local/dc/kos/kos/../kos-ports/include -I/usr/local/dc/kos/kos/include -I/usr/local/dc/kos/kos/kernel/arch/dreamcast/include -I/usr/local/dc/kos/kos/addons/include -D_arch_dreamcast -D_arch_sub_pristine -Wall -g -fno-builtin -fno-strict-aliasing -I/usr/local/dc/kos/kos/ds/include  conftest.c >&5
conftest.c: In function 'main':
conftest.c:55:12: warning: variable 'test_array' set but not used [-Wunused-but-set-variable]
configure:4010: $? = 0
configure:4010: /opt/toolchains/dc/sh-elf/bin/sh-elf-gcc -c -O2 -fomit-frame-pointer -ml -m4-single-only -ffunction-sections -fdata-sections -I/usr/local/dc/kos/kos/../kos-ports/include -I/usr/local/dc/kos/kos/include -I/usr/local/dc/kos/kos/kernel/arch/dreamcast/include -I/usr/local/dc/kos/kos/addons/include -D_arch_dreamcast -D_arch_sub_pristine -Wall -g -fno-builtin -fno-strict-aliasing -I/usr/local/dc/kos/kos/ds/include  conftest.c >&5
conftest.c: In function 'main':
conftest.c:55:12: warning: variable 'test_array' set but not used [-Wunused-but-set-variable]
configure:4010: $? = 0
configure:4010: /opt/toolchains/dc/sh-elf/bin/sh-elf-gcc -c -O2 -fomit-frame-pointer -ml -m4-single-only -ffunction-sections -fdata-sections -I/usr/local/dc/kos/kos/../kos-ports/include -I/usr/local/dc/kos/kos/include -I/usr/local/dc/kos/kos/kernel/arch/dreamcast/include -I/usr/local/dc/kos/kos/addons/include -D_arch_dreamcast -D_arch_sub_pristine -Wall -g -fno-builtin -fno-strict-aliasing -I/usr/local/dc/kos/kos/ds/include  conftest.c >&5
conftest.c: In function 'main':
conftest.c:55:12: warning: variable 'test_array' set but not used [-Wunused-but-set-variable]
configure:4010: $? = 0
configure:4024: result: 4
configure:4048: checking whether byte ordering is bigendian
configure:4063: /opt/toolchains/dc/sh-elf/bin/sh-elf-gcc -c -O2 -fomit-frame-pointer -ml -m4-single-only -ffunction-sections -fdata-sections -I/usr/local/dc/kos/kos/../kos-ports/include -I/usr/local/dc/kos/kos/include -I/usr/local/dc/kos/kos/kernel/arch/dreamcast/include -I/usr/local/dc/kos/kos/addons/include -D_arch_dreamcast -D_arch_sub_pristine -Wall -g -fno-builtin -fno-strict-aliasing -I/usr/local/dc/kos/kos/ds/include  conftest.c >&5
conftest.c:21:9: error: unknown type name 'not'
conftest.c:21:15: error: expected '=', ',', ';', 'asm' or '__attribute__' before 'universal'
conftest.c:21:15: error: unknown type name 'universal'
configure:4063: $? = 1
configure: failed program was:
| /* confdefs.h */
| #define PACKAGE_NAME "Xvid"
| #define PACKAGE_TARNAME "xvid"
| #define PACKAGE_VERSION "1.3.2"
| #define PACKAGE_STRING "Xvid 1.3.2"
| #define PACKAGE_BUGREPORT "xvid-devel@xvid.org"
| #define PACKAGE_URL ""
| #define STDC_HEADERS 1
| #define HAVE_SYS_TYPES_H 1
| #define HAVE_SYS_STAT_H 1
| #define HAVE_STDLIB_H 1
| #define HAVE_STRING_H 1
| #define HAVE_MEMORY_H 1
| #define HAVE_STRINGS_H 1
| #define HAVE_INTTYPES_H 1
| #define HAVE_STDINT_H 1
| #define HAVE_UNISTD_H 1
| #define SIZEOF_INT_P 4
| /* end confdefs.h.  */
| #ifndef __APPLE_CC__
| 	       not a universal capable compiler
| 	     #endif
| 	     typedef int dummy;
| 
configure:4108: /opt/toolchains/dc/sh-elf/bin/sh-elf-gcc -c -O2 -fomit-frame-pointer -ml -m4-single-only -ffunction-sections -fdata-sections -I/usr/local/dc/kos/kos/../kos-ports/include -I/usr/local/dc/kos/kos/include -I/usr/local/dc/kos/kos/kernel/arch/dreamcast/include -I/usr/local/dc/kos/kos/addons/include -D_arch_dreamcast -D_arch_sub_pristine -Wall -g -fno-builtin -fno-strict-aliasing -I/usr/local/dc/kos/kos/ds/include  conftest.c >&5
configure:4108: $? = 0
configure:4126: /opt/toolchains/dc/sh-elf/bin/sh-elf-gcc -c -O2 -fomit-frame-pointer -ml -m4-single-only -ffunction-sections -fdata-sections -I/usr/local/dc/kos/kos/../kos-ports/include -I/usr/local/dc/kos/kos/include -I/usr/local/dc/kos/kos/kernel/arch/dreamcast/include -I/usr/local/dc/kos/kos/addons/include -D_arch_dreamcast -D_arch_sub_pristine -Wall -g -fno-builtin -fno-strict-aliasing -I/usr/local/dc/kos/kos/ds/include  conftest.c >&5
conftest.c: In function 'main':
conftest.c:27:4: error: unknown type name 'not'
conftest.c:27:12: error: expected '=', ',', ';', 'asm' or '__attribute__' before 'endian'
configure:4126: $? = 1
configure: failed program was:
| /* confdefs.h */
| #define PACKAGE_NAME "Xvid"
| #define PACKAGE_TARNAME "xvid"
| #define PACKAGE_VERSION "1.3.2"
| #define PACKAGE_STRING "Xvid 1.3.2"
| #define PACKAGE_BUGREPORT "xvid-devel@xvid.org"
| #define PACKAGE_URL ""
| #define STDC_HEADERS 1
| #define HAVE_SYS_TYPES_H 1
| #define HAVE_SYS_STAT_H 1
| #define HAVE_STDLIB_H 1
| #define HAVE_STRING_H 1
| #define HAVE_MEMORY_H 1
| #define HAVE_STRINGS_H 1
| #define HAVE_INTTYPES_H 1
| #define HAVE_STDINT_H 1
| #define HAVE_UNISTD_H 1
| #define SIZEOF_INT_P 4
| /* end confdefs.h.  */
| #include <sys/types.h>
| 		#include <sys/param.h>
| 
| int
| main ()
| {
| #if BYTE_ORDER != BIG_ENDIAN
| 		 not big endian
| 		#endif
| 
|   ;
|   return 0;
| }
configure:4254: result: no
configure:4273: checking for build extensions
configure:4307: result: Unknown OS - Using .so .a .o
configure:4316: checking for platform specific LDFLAGS/CFLAGS
configure:4372: result: Unknown Platform (Using default -shared -lc -lm)
configure:4719: checking stdio.h usability
configure:4719: /opt/toolchains/dc/sh-elf/bin/sh-elf-gcc -c -O2 -fomit-frame-pointer -ml -m4-single-only -ffunction-sections -fdata-sections -I/usr/local/dc/kos/kos/../kos-ports/include -I/usr/local/dc/kos/kos/include -I/usr/local/dc/kos/kos/kernel/arch/dreamcast/include -I/usr/local/dc/kos/kos/addons/include -D_arch_dreamcast -D_arch_sub_pristine -Wall -g -fno-builtin -fno-strict-aliasing -I/usr/local/dc/kos/kos/ds/include  conftest.c >&5
configure:4719: $? = 0
configure:4719: result: yes
configure:4719: checking stdio.h presence
configure:4719: /opt/toolchains/dc/sh-elf/bin/sh-elf-gcc -E  conftest.c
configure:4719: $? = 0
configure:4719: result: yes
configure:4719: checking for stdio.h
configure:4719: result: yes
configure:4719: checking signal.h usability
configure:4719: /opt/toolchains/dc/sh-elf/bin/sh-elf-gcc -c -O2 -fomit-frame-pointer -ml -m4-single-only -ffunction-sections -fdata-sections -I/usr/local/dc/kos/kos/../kos-ports/include -I/usr/local/dc/kos/kos/include -I/usr/local/dc/kos/kos/kernel/arch/dreamcast/include -I/usr/local/dc/kos/kos/addons/include -D_arch_dreamcast -D_arch_sub_pristine -Wall -g -fno-builtin -fno-strict-aliasing -I/usr/local/dc/kos/kos/ds/include  conftest.c >&5
configure:4719: $? = 0
configure:4719: result: yes
configure:4719: checking signal.h presence
configure:4719: /opt/toolchains/dc/sh-elf/bin/sh-elf-gcc -E  conftest.c
configure:4719: $? = 0
configure:4719: result: yes
configure:4719: checking for signal.h
configure:4719: result: yes
configure:4719: checking for stdlib.h
configure:4719: result: yes
configure:4719: checking for string.h
configure:4719: result: yes
configure:4719: checking assert.h usability
configure:4719: /opt/toolchains/dc/sh-elf/bin/sh-elf-gcc -c -O2 -fomit-frame-pointer -ml -m4-single-only -ffunction-sections -fdata-sections -I/usr/local/dc/kos/kos/../kos-ports/include -I/usr/local/dc/kos/kos/include -I/usr/local/dc/kos/kos/kernel/arch/dreamcast/include -I/usr/local/dc/kos/kos/addons/include -D_arch_dreamcast -D_arch_sub_pristine -Wall -g -fno-builtin -fno-strict-aliasing -I/usr/local/dc/kos/kos/ds/include  conftest.c >&5
configure:4719: $? = 0
configure:4719: result: yes
configure:4719: checking assert.h presence
configure:4719: /opt/toolchains/dc/sh-elf/bin/sh-elf-gcc -E  conftest.c
configure:4719: $? = 0
configure:4719: result: yes
configure:4719: checking for assert.h
configure:4719: result: yes
configure:4719: checking math.h usability
configure:4719: /opt/toolchains/dc/sh-elf/bin/sh-elf-gcc -c -O2 -fomit-frame-pointer -ml -m4-single-only -ffunction-sections -fdata-sections -I/usr/local/dc/kos/kos/../kos-ports/include -I/usr/local/dc/kos/kos/include -I/usr/local/dc/kos/kos/kernel/arch/dreamcast/include -I/usr/local/dc/kos/kos/addons/include -D_arch_dreamcast -D_arch_sub_pristine -Wall -g -fno-builtin -fno-strict-aliasing -I/usr/local/dc/kos/kos/ds/include  conftest.c >&5
configure:4719: $? = 0
configure:4719: result: yes
configure:4719: checking math.h presence
configure:4719: /opt/toolchains/dc/sh-elf/bin/sh-elf-gcc -E  conftest.c
configure:4719: $? = 0
configure:4719: result: yes
configure:4719: checking for math.h
configure:4719: result: yes
configure:4787: WARNING: Pthread support disabled. No SMP support
configure:5027: creating ./config.status

## ---------------------- ##
## Running config.status. ##
## ---------------------- ##

This file was extended by Xvid config.status 1.3.2, which was
generated by GNU Autoconf 2.68.  Invocation command line was

  CONFIG_FILES    = 
  CONFIG_HEADERS  = 
  CONFIG_LINKS    = 
  CONFIG_COMMANDS = 
  $ ./config.status 

on SWAT-PC

config.status:782: creating platform.inc
configure:6046: WARNING: unrecognized options: --disable-shared

## ---------------- ##
## Cache variables. ##
## ---------------- ##

ac_cv_build=x86_64-unknown-linux-gnu
ac_cv_c_bigendian=no
ac_cv_c_compiler_gnu=yes
ac_cv_env_CC_set=set
ac_cv_env_CC_value=/opt/toolchains/dc/sh-elf/bin/sh-elf-gcc
ac_cv_env_CFLAGS_set=set
ac_cv_env_CFLAGS_value='-O2 -fomit-frame-pointer -ml -m4-single-only -ffunction-sections -fdata-sections -I/usr/local/dc/kos/kos/../kos-ports/include -I/usr/local/dc/kos/kos/include -I/usr/local/dc/kos/kos/kernel/arch/dreamcast/include -I/usr/local/dc/kos/kos/addons/include -D_arch_dreamcast -D_arch_sub_pristine -Wall -g -fno-builtin -fno-strict-aliasing -I/usr/local/dc/kos/kos/ds/include'
ac_cv_env_CPPFLAGS_set=
ac_cv_env_CPPFLAGS_value=
ac_cv_env_CPP_set=
ac_cv_env_CPP_value=
ac_cv_env_LDFLAGS_set=set
ac_cv_env_LDFLAGS_value=' -ml -m4-single-only -Wl,-Ttext=0x8c010000 -Wl,--gc-sections -T/usr/local/dc/kos/kos/utils/ldscripts/shlelf.xc -nodefaultlibs -L/usr/local/dc/kos/kos/lib/dreamcast -L/usr/local/dc/kos/kos/addons/lib/dreamcast -L/usr/local/dc/kos/kos/ds/lib'
ac_cv_env_LIBS_set=set
ac_cv_env_LIBS_value='-Wl,--start-group -lkallisti -lc -lgcc -Wl,--end-group -lm'
ac_cv_env_build_alias_set=
ac_cv_env_build_alias_value=
ac_cv_env_host_alias_set=set
ac_cv_env_host_alias_value=sh-elf
ac_cv_env_target_alias_set=
ac_cv_env_target_alias_value=
ac_cv_header_assert_h=yes
ac_cv_header_inttypes_h=yes
ac_cv_header_math_h=yes
ac_cv_header_memory_h=yes
ac_cv_header_signal_h=yes
ac_cv_header_stdc=yes
ac_cv_header_stdint_h=yes
ac_cv_header_stdio_h=yes
ac_cv_header_stdlib_h=yes
ac_cv_header_string_h=yes
ac_cv_header_strings_h=yes
ac_cv_header_sys_stat_h=yes
ac_cv_header_sys_types_h=yes
ac_cv_header_unistd_h=yes
ac_cv_host=sh-unknown-elf
ac_cv_objext=o
ac_cv_path_EGREP='/bin/grep -E'
ac_cv_path_GREP=/bin/grep
ac_cv_path_install='/usr/bin/install -c'
ac_cv_prog_AR=sh-elf-ar
ac_cv_prog_CC=/opt/toolchains/dc/sh-elf/bin/sh-elf-gcc
ac_cv_prog_CPP='/opt/toolchains/dc/sh-elf/bin/sh-elf-gcc -E'
ac_cv_prog_RANLIB=sh-elf-ranlib
ac_cv_prog_cc_c89=
ac_cv_prog_cc_g=yes
ac_cv_sizeof_int_p=4
ac_cv_target=sh-unknown-elf

## ----------------- ##
## Output variables. ##
## ----------------- ##

AFLAGS=''
ALTIVEC_CFLAGS=''
API_MAJOR='4'
API_MINOR='3'
AR='sh-elf-ar'
ARCHITECTURE='GENERIC'
AS=''
ASSEMBLY_EXTENSION=''
ASSEMBLY_SOURCES=''
BUS='32BIT'
CC='/opt/toolchains/dc/sh-elf/bin/sh-elf-gcc'
CFLAGS='-O2 -fomit-frame-pointer -ml -m4-single-only -ffunction-sections -fdata-sections -I/usr/local/dc/kos/kos/../kos-ports/include -I/usr/local/dc/kos/kos/include -I/usr/local/dc/kos/kos/kernel/arch/dreamcast/include -I/usr/local/dc/kos/kos/addons/include -D_arch_dreamcast -D_arch_sub_pristine -Wall -g -fno-builtin -fno-strict-aliasing -I/usr/local/dc/kos/kos/ds/include'
CPP='/opt/toolchains/dc/sh-elf/bin/sh-elf-gcc -E'
CPPFLAGS=''
DCT_IA64_SOURCES=''
DEFS='-DPACKAGE_NAME=\"Xvid\" -DPACKAGE_TARNAME=\"xvid\" -DPACKAGE_VERSION=\"1.3.2\" -DPACKAGE_STRING=\"Xvid\ 1.3.2\" -DPACKAGE_BUGREPORT=\"xvid-devel@xvid.org\" -DPACKAGE_URL=\"\" -DSTDC_HEADERS=1 -DHAVE_SYS_TYPES_H=1 -DHAVE_SYS_STAT_H=1 -DHAVE_STDLIB_H=1 -DHAVE_STRING_H=1 -DHAVE_MEMORY_H=1 -DHAVE_STRINGS_H=1 -DHAVE_INTTYPES_H=1 -DHAVE_STDINT_H=1 -DHAVE_UNISTD_H=1 -DSIZEOF_INT_P=4 -DHAVE_STDIO_H=1 -DHAVE_SIGNAL_H=1 -DHAVE_STDLIB_H=1 -DHAVE_STRING_H=1 -DHAVE_ASSERT_H=1 -DHAVE_MATH_H=1'
ECHO_C=''
ECHO_N='-n'
ECHO_T=''
EGREP='/bin/grep -E'
ENDIANNESS='LITTLE_ENDIAN'
EXEEXT=''
FEATURES=''
GENERIC_SOURCES='SRC_GENERIC'
GREP='/bin/grep'
INSTALL_DATA='${INSTALL} -m 644'
INSTALL_PROGRAM='${INSTALL}'
INSTALL_SCRIPT='${INSTALL}'
LDFLAGS=' -ml -m4-single-only -Wl,-Ttext=0x8c010000 -Wl,--gc-sections -T/usr/local/dc/kos/kos/utils/ldscripts/shlelf.xc -nodefaultlibs -L/usr/local/dc/kos/kos/lib/dreamcast -L/usr/local/dc/kos/kos/addons/lib/dreamcast -L/usr/local/dc/kos/kos/ds/lib'
LIBOBJS=''
LIBS='-Wl,--start-group -lkallisti -lc -lgcc -Wl,--end-group -lm'
LTLIBOBJS=''
NASM_FORMAT=''
OBJECT_EXTENSION='o'
OBJEXT='o'
PACKAGE_BUGREPORT='xvid-devel@xvid.org'
PACKAGE_NAME='Xvid'
PACKAGE_STRING='Xvid 1.3.2'
PACKAGE_TARNAME='xvid'
PACKAGE_URL=''
PACKAGE_VERSION='1.3.2'
PATH_SEPARATOR=':'
PPC_ALTIVEC_SOURCES=''
PRE_SHARED_LIB='libxvidcore.$(SHARED_EXTENSION)'
RANLIB='sh-elf-ranlib'
SHARED_EXTENSION='so'
SHARED_LIB='libxvidcore.$(SHARED_EXTENSION)'
SHELL='/bin/bash'
SPECIFIC_CFLAGS=' '
SPECIFIC_LDFLAGS=' '
STATIC_EXTENSION='a'
STATIC_LIB='libxvidcore.$(STATIC_EXTENSION)'
ac_ct_CC=''
ac_nasm=''
ac_yasm=''
bindir='${exec_prefix}/bin'
build='x86_64-unknown-linux-gnu'
build_alias=''
build_cpu='x86_64'
build_os='linux-gnu'
build_vendor='unknown'
datadir='${datarootdir}'
datarootdir='${prefix}/share'
docdir='${datarootdir}/doc/${PACKAGE_TARNAME}'
dvidir='${docdir}'
exec_prefix='${prefix}'
host='sh-unknown-elf'
host_alias='sh-elf'
host_cpu='sh'
host_os='elf'
host_vendor='unknown'
htmldir='${docdir}'
includedir='${prefix}/include'
infodir='${datarootdir}/info'
libdir='${exec_prefix}/lib'
libexecdir='${exec_prefix}/libexec'
localedir='${datarootdir}/locale'
localstatedir='${prefix}/var'
mandir='${datarootdir}/man'
oldincludedir='/usr/include'
pdfdir='${docdir}'
prefix='/usr/local'
program_transform_name='s,x,x,'
psdir='${docdir}'
sbindir='${exec_prefix}/sbin'
sharedstatedir='${prefix}/com'
sysconfdir='${prefix}/etc'
target='sh-unknown-elf'
target_alias=''
target_cpu='sh'
target_os='elf'
target_vendor='unknown'

## ----------- ##
## confdefs.h. ##
## ----------- ##

/* confdefs.h */
#define PACKAGE_NAME "Xvid"
#define PACKAGE_TARNAME "xvid"
#define PACKAGE_VERSION "1.3.2"
#define PACKAGE_STRING "Xvid 1.3.2"
#define PACKAGE_BUGREPORT "xvid-devel@xvid.org"
#define PACKAGE_URL ""
#define STDC_HEADERS 1
#define HAVE_SYS_TYPES_H 1
#define HAVE_SYS_STAT_H 1
#define HAVE_STDLIB_H 1
#define HAVE_STRING_H 1
#define HAVE_MEMORY_H 1
#define HAVE_STRINGS_H 1
#define HAVE_INTTYPES_H 1
#define HAVE_STDINT_H 1
#define HAVE_UNISTD_H 1
#define SIZEOF_INT_P 4
#define HAVE_STDIO_H 1
#define HAVE_SIGNAL_H 1
#define HAVE_STDLIB_H 1
#define HAVE_STRING_H 1
#define HAVE_ASSERT_H 1
#define HAVE_MATH_H 1

configure: exit 0
